<?xml version="1.0" encoding="UTF-8"?>
<!-- Generated by org.testng.reporters.JUnitReportReporter -->
<testsuite hostname="DESKTOP-J007N23" failures="0" tests="4" name="api.test.UserTests2" time="9.078" errors="0" timestamp="2024-09-13T15:49:38 IST" skipped="0">
  <testcase classname="api.test.UserTests2" name="testPostUser" time="4.284"/>
  <system-out/>
  <testcase classname="api.test.UserTests2" name="testGetUserByName" time="1.236"/>
  <system-out/>
  <testcase classname="api.test.UserTests2" name="testUpdateUserByName" time="2.421"/>
  <system-out/>
  <testcase classname="api.test.UserTests2" name="testDeleteUserByName" time="1.137"/>
  <system-out/>
</testsuite> <!-- api.test.UserTests2 -->
